<?xml version="1.0" encoding="UTF-8"?>
<testsuites name="jest tests" tests="1" failures="0" time="2.205">
  <testsuite name="Operations Visitor" errors="0" failures="0" skipped="0" timestamp="2019-05-21T09:22:29" time="2.17" tests="1">
    <testcase classname="Operations Visitor" name="Should handle Query correctly" time="0.019" file="tests/operations.spec.ts">
    </testcase>
  </testsuite>
</testsuites>