<?xml version="1.0" encoding="UTF-8"?>
<testsuites name="jest tests" tests="9" failures="0" time="1.41">
  <testsuite name="Operations Visitor" errors="0" failures="0" skipped="0" timestamp="2019-05-28T14:37:02" time="0.548" tests="1">
    <testcase classname="Operations Visitor" name="Should handle Query correctly" time="0.002" file="tests/operations.spec.ts">
    </testcase>
  </testsuite>
  <testsuite name="java-apollo-android" errors="0" failures="0" skipped="0" timestamp="2019-05-28T14:37:02" time="1.185" tests="8">
    <testcase classname="java-apollo-android Input Types" name="Should produce valid Java code" time="0.506" file="tests/input.spec.ts">
    </testcase>
    <testcase classname="java-apollo-android Input Types" name="Should create a basic input type signature correctly" time="0.002" file="tests/input.spec.ts">
    </testcase>
    <testcase classname="java-apollo-android Input Types" name="Should create private fields correctly" time="0.001" file="tests/input.spec.ts">
    </testcase>
    <testcase classname="java-apollo-android Input Types" name="Should create ctor correctly" time="0" file="tests/input.spec.ts">
    </testcase>
    <testcase classname="java-apollo-android Input Types" name="Should create getters correctly" time="0.001" file="tests/input.spec.ts">
    </testcase>
    <testcase classname="java-apollo-android Input Types" name="Should have Builder static getter" time="0" file="tests/input.spec.ts">
    </testcase>
    <testcase classname="java-apollo-android Input Types" name="Should have Builder nested class " time="0.002" file="tests/input.spec.ts">
    </testcase>
    <testcase classname="java-apollo-android Input Types" name="Should have marshaller built for the fields" time="0.001" file="tests/input.spec.ts">
    </testcase>
  </testsuite>
</testsuites>